TN:
SF:src\application\usecases\user\createUser.ts
FN:14,(anonymous_7)
FN:20,(anonymous_8)
FNF:2
FNH:2
FNDA:1,(anonymous_7)
FNDA:1,(anonymous_8)
DA:3,2
DA:10,2
DA:15,1
DA:16,1
DA:21,1
DA:25,1
DA:27,1
DA:31,1
LF:8
LH:8
BRDA:25,0,0,0
BRF:1
BRH:0
end_of_record
TN:
SF:src\application\usecases\user\deleteUserById.ts
FN:9,(anonymous_7)
FN:13,(anonymous_8)
FNF:2
FNH:2
FNDA:1,(anonymous_7)
FNDA:1,(anonymous_8)
DA:3,2
DA:6,2
DA:10,1
DA:14,1
DA:15,1
DA:16,0
DA:19,1
LF:7
LH:6
BRDA:15,0,0,0
BRF:1
BRH:0
end_of_record
TN:
SF:src\application\usecases\user\getAllUser.ts
FN:7,(anonymous_7)
FN:11,(anonymous_8)
FNF:2
FNH:2
FNDA:1,(anonymous_7)
FNDA:1,(anonymous_8)
DA:4,2
DA:8,1
DA:12,1
DA:13,1
LF:4
LH:4
BRF:0
BRH:0
end_of_record
TN:
SF:src\application\usecases\user\getUserByUniqueProperty.ts
FN:9,(anonymous_8)
FN:13,(anonymous_9)
FNF:2
FNH:2
FNDA:4,(anonymous_8)
FNDA:4,(anonymous_9)
DA:2,2
DA:6,2
DA:10,4
DA:14,4
DA:19,4
DA:20,2
DA:23,2
DA:25,2
LF:8
LH:8
BRDA:19,0,0,2
BRF:1
BRH:1
end_of_record
TN:
SF:src\application\usecases\user\updateUserById.ts
FN:12,(anonymous_7)
FN:16,(anonymous_8)
FNF:2
FNH:2
FNDA:1,(anonymous_7)
FNDA:1,(anonymous_8)
DA:1,2
DA:9,2
DA:13,1
DA:17,1
DA:19,1
DA:20,0
DA:23,1
DA:31,1
LF:8
LH:7
BRDA:19,0,0,0
BRDA:26,1,0,1
BRDA:26,1,1,0
BRF:3
BRH:1
end_of_record
TN:
SF:src\domain\configs\index.ts
FNF:0
FNH:0
DA:2,2
DA:3,2
DA:7,2
DA:16,0
DA:19,2
DA:20,2
DA:21,2
DA:24,2
DA:25,2
DA:28,2
DA:32,2
DA:33,2
LF:12
LH:11
BRDA:7,0,0,0
BRDA:8,1,0,2
BRDA:8,1,1,2
BRDA:8,1,2,2
BRDA:8,1,3,2
BRDA:8,1,4,2
BRDA:8,1,5,2
BRDA:8,1,6,2
BRF:8
BRH:7
end_of_record
TN:
SF:src\domain\exceptions\AlreadyExistsException.ts
FN:4,(anonymous_0)
FNF:1
FNH:0
FNDA:0,(anonymous_0)
DA:1,2
DA:3,2
DA:5,0
LF:3
LH:2
BRF:0
BRH:0
end_of_record
TN:
SF:src\domain\exceptions\Exception.ts
FN:3,(anonymous_0)
FNF:1
FNH:1
FNDA:2,(anonymous_0)
DA:2,2
DA:4,2
DA:5,2
DA:6,2
DA:8,2
LF:5
LH:5
BRF:0
BRH:0
end_of_record
TN:
SF:src\domain\exceptions\NotFoundException.ts
FN:4,(anonymous_0)
FNF:1
FNH:1
FNDA:2,(anonymous_0)
DA:1,2
DA:3,2
DA:5,2
LF:3
LH:3
BRF:0
BRH:0
end_of_record
TN:
SF:src\infrastructure\driven-adapters\prisma\index.ts
FN:12,(anonymous_6)
FNF:1
FNH:1
FNDA:9,(anonymous_6)
DA:1,2
DA:3,2
DA:4,2
DA:9,2
DA:13,9
DA:14,1
DA:17,9
LF:7
LH:7
BRDA:13,0,0,1
BRF:1
BRH:1
end_of_record
TN:
SF:src\infrastructure\driving-adapters\rest-api\server.ts
FN:14,(anonymous_8)
FN:26,(anonymous_9)
FN:31,(anonymous_10)
FN:37,(anonymous_11)
FN:38,(anonymous_13)
FN:39,(anonymous_14)
FN:46,(anonymous_15)
FN:47,(anonymous_17)
FN:49,(anonymous_18)
FNF:9
FNH:2
FNDA:2,(anonymous_8)
FNDA:1,(anonymous_9)
FNDA:0,(anonymous_10)
FNDA:0,(anonymous_11)
FNDA:0,(anonymous_13)
FNDA:0,(anonymous_14)
FNDA:0,(anonymous_15)
FNDA:0,(anonymous_17)
FNDA:0,(anonymous_18)
DA:2,2
DA:3,2
DA:4,2
DA:7,2
DA:9,2
DA:15,2
DA:16,2
DA:17,2
DA:23,2
DA:25,2
DA:26,2
DA:27,1
DA:31,2
DA:32,0
DA:34,2
DA:38,0
DA:39,0
DA:40,0
DA:41,0
DA:47,0
DA:48,0
DA:49,0
DA:50,0
DA:51,0
DA:53,0
DA:56,0
LF:26
LH:14
BRDA:48,0,0,0
BRDA:50,1,0,0
BRF:2
BRH:0
end_of_record
TN:
SF:src\infrastructure\driving-adapters\rest-api\startTestApp.ts
FNF:0
FNH:0
DA:1,2
DA:2,2
DA:4,2
DA:5,2
DA:6,2
LF:5
LH:5
BRF:0
BRH:0
end_of_record
TN:
SF:src\infrastructure\driving-adapters\rest-api\controllers\user\createUser.ts
FN:12,(anonymous_7)
FN:16,(anonymous_8)
FNF:2
FNH:2
FNDA:1,(anonymous_7)
FNDA:1,(anonymous_8)
DA:5,2
DA:8,2
DA:9,2
DA:10,2
DA:12,2
DA:16,1
DA:17,1
DA:18,1
DA:19,1
DA:20,1
DA:21,1
DA:25,1
DA:26,1
DA:27,1
DA:29,0
LF:15
LH:14
BRF:0
BRH:0
end_of_record
TN:
SF:src\infrastructure\driving-adapters\rest-api\controllers\user\deleteUserById.ts
FN:12,(anonymous_7)
FN:16,(anonymous_8)
FNF:2
FNH:2
FNDA:1,(anonymous_7)
FNDA:1,(anonymous_8)
DA:5,2
DA:8,2
DA:10,2
DA:12,2
DA:16,1
DA:17,1
DA:18,1
DA:19,1
DA:20,1
DA:21,1
DA:22,1
DA:23,1
DA:25,0
LF:13
LH:12
BRF:0
BRH:0
end_of_record
TN:
SF:src\infrastructure\driving-adapters\rest-api\controllers\user\getAllUser.ts
FN:10,(anonymous_7)
FN:14,(anonymous_8)
FNF:2
FNH:2
FNDA:1,(anonymous_7)
FNDA:1,(anonymous_8)
DA:5,2
DA:8,2
DA:10,2
DA:14,1
DA:15,1
DA:16,1
DA:17,1
DA:18,1
DA:19,1
DA:20,1
DA:22,0
LF:11
LH:10
BRF:0
BRH:0
end_of_record
TN:
SF:src\infrastructure\driving-adapters\rest-api\controllers\user\getUser.ts
FN:13,(anonymous_7)
FN:17,(anonymous_8)
FNF:2
FNH:2
FNDA:4,(anonymous_7)
FNDA:4,(anonymous_8)
DA:5,2
DA:8,2
DA:11,2
DA:13,2
DA:17,4
DA:18,4
DA:19,4
DA:20,4
DA:21,4
DA:22,4
DA:23,2
DA:24,2
DA:26,2
LF:13
LH:13
BRF:0
BRH:0
end_of_record
TN:
SF:src\infrastructure\driving-adapters\rest-api\controllers\user\updateUserById.ts
FN:13,(anonymous_7)
FN:17,(anonymous_8)
FNF:2
FNH:2
FNDA:1,(anonymous_7)
FNDA:1,(anonymous_8)
DA:5,2
DA:8,2
DA:11,2
DA:13,2
DA:17,1
DA:18,1
DA:19,1
DA:20,1
DA:21,1
DA:22,1
DA:23,1
DA:24,1
DA:26,0
LF:13
LH:12
BRF:0
BRH:0
end_of_record
TN:
SF:src\infrastructure\driving-adapters\rest-api\dtos\user\createUserDto.ts
FN:5,(anonymous_0)
FNF:1
FNH:1
FNDA:1,(anonymous_0)
DA:1,2
DA:5,2
DA:6,1
DA:13,1
DA:14,1
DA:15,0
DA:18,1
LF:7
LH:6
BRDA:14,0,0,0
BRF:1
BRH:0
end_of_record
TN:
SF:src\infrastructure\driving-adapters\rest-api\dtos\user\deleteUserByIdDto.ts
FN:5,(anonymous_0)
FNF:1
FNH:1
FNDA:1,(anonymous_0)
DA:1,2
DA:5,2
DA:6,1
DA:10,1
DA:11,1
DA:12,0
DA:15,1
LF:7
LH:6
BRDA:11,0,0,0
BRF:1
BRH:0
end_of_record
TN:
SF:src\infrastructure\driving-adapters\rest-api\dtos\user\getUserByUniquePropertyDto.ts
FN:5,(anonymous_0)
FNF:1
FNH:1
FNDA:4,(anonymous_0)
DA:1,2
DA:5,2
DA:6,4
DA:17,4
DA:21,4
DA:22,0
DA:25,4
LF:7
LH:6
BRDA:21,0,0,0
BRDA:26,1,0,2
BRDA:26,1,1,2
BRDA:28,2,0,2
BRDA:28,2,1,2
BRDA:28,3,0,4
BRDA:28,3,1,4
BRF:7
BRH:6
end_of_record
TN:
SF:src\infrastructure\driving-adapters\rest-api\dtos\user\updateUserByIdDto.ts
FN:5,(anonymous_0)
FNF:1
FNH:1
FNDA:1,(anonymous_0)
DA:1,2
DA:5,2
DA:6,1
DA:10,1
DA:11,1
DA:12,0
DA:15,1
DA:23,1
DA:24,1
DA:25,0
DA:28,1
LF:11
LH:9
BRDA:11,0,0,0
BRDA:24,1,0,0
BRF:2
BRH:0
end_of_record
TN:
SF:src\infrastructure\driving-adapters\rest-api\routes\index.ts
FN:12,(anonymous_1)
FN:31,(anonymous_2)
FNF:2
FNH:1
FNDA:2,(anonymous_1)
FNDA:0,(anonymous_2)
DA:1,2
DA:2,2
DA:4,2
DA:6,2
DA:8,2
DA:11,2
DA:14,2
DA:15,0
DA:20,2
DA:21,2
DA:25,0
DA:31,2
DA:32,0
DA:33,0
DA:35,0
DA:40,2
LF:16
LH:11
BRDA:14,0,0,0
BRDA:20,1,0,2
BRDA:20,1,1,0
BRF:3
BRH:1
end_of_record
TN:
SF:src\infrastructure\driving-adapters\rest-api\routes\user.ts
FNF:0
FNH:0
DA:2,2
DA:5,2
DA:6,2
DA:7,2
DA:8,2
DA:9,2
DA:11,2
DA:14,2
DA:16,2
DA:18,2
DA:20,2
DA:22,2
DA:24,2
LF:13
LH:13
BRF:0
BRH:0
end_of_record
TN:
SF:src\infrastructure\implementations\MySQL\MySQLUserRepository.ts
FN:11,(anonymous_7)
FN:14,(anonymous_8)
FN:31,(anonymous_10)
FN:47,(anonymous_12)
FN:56,(anonymous_14)
FN:64,(anonymous_16)
FNF:6
FNH:6
FNDA:9,(anonymous_7)
FNDA:1,(anonymous_8)
FNDA:1,(anonymous_10)
FNDA:2,(anonymous_12)
FNDA:1,(anonymous_14)
FNDA:7,(anonymous_16)
DA:9,2
DA:11,2
DA:12,9
DA:16,1
DA:28,1
DA:32,1
DA:48,2
DA:57,1
DA:68,7
DA:73,7
LF:10
LH:10
BRF:0
BRH:0
end_of_record
TN:
SF:src\infrastructure\utils\UuidV4Generator.ts
FN:5,(anonymous_0)
FNF:1
FNH:1
FNDA:1,(anonymous_0)
DA:1,2
DA:4,2
DA:6,1
LF:3
LH:3
BRF:0
BRH:0
end_of_record
